Time resolution is 1 ps
Stopped at time : 1760 ns : File "/home/sebastian/Documentos/TP3_ARQUI/TP3.srcs/sources_1/new/TX.v" Line 124
Stopped at time : 1760 ns : File "/home/sebastian/Documentos/TP3_ARQUI/TP3.srcs/sources_1/new/TX.v" Line 128
Stopped at time : 1760 ns : File "/home/sebastian/Documentos/TP3_ARQUI/TP3.srcs/sources_1/new/TX.v" Line 130
Stopped at time : 1760 ns : File "/home/sebastian/Documentos/TP3_ARQUI/TP3.srcs/sources_1/new/TX.v" Line 131
Stopped at time : 1760 ns : File "/home/sebastian/Documentos/TP3_ARQUI/TP3.srcs/sources_1/new/TX.v" Line 132
Stopped at time : 1760 ns : File "/home/sebastian/Documentos/TP3_ARQUI/TP3.srcs/sources_1/new/TX.v" Line 133
Stopped at time : 1760 ns : File "/home/sebastian/Documentos/TP3_ARQUI/TP3.srcs/sources_1/new/TX.v" Line 143
Stopped at time : 1760 ns : File "/home/sebastian/Documentos/TP3_ARQUI/TP3.srcs/sources_1/new/TX.v" Line 144
Stopped at time : 1760 ns : File "/home/sebastian/Documentos/TP3_ARQUI/TP3.srcs/sources_1/new/TX.v" Line 115
Stopped at time : 1760 ns : File "/home/sebastian/Documentos/TP3_ARQUI/TP3.srcs/sources_1/new/Basys3_7SegmentMultiplexing.v" Line 19
Stopped at time : 1770 ns : File "/home/sebastian/Documentos/TP3_ARQUI/TP3.srcs/sources_1/new/TX.v" Line 124
Stopped at time : 1770 ns : File "/home/sebastian/Documentos/TP3_ARQUI/TP3.srcs/sources_1/new/TX.v" Line 151
Stopped at time : 1770 ns : File "/home/sebastian/Documentos/TP3_ARQUI/TP3.srcs/sources_1/new/TX.v" Line 152
Stopped at time : 1770 ns : File "/home/sebastian/Documentos/TP3_ARQUI/TP3.srcs/sources_1/new/TX.v" Line 115
Stopped at time : 1770 ns : File "/home/sebastian/Documentos/TP3_ARQUI/TP3.srcs/sources_1/new/TX.v" Line 252
Stopped at time : 1780 ns : File "/home/sebastian/Documentos/TP3_ARQUI/TP3.srcs/sim_1/new/Top_tb.v" Line 30
Stopped at time : 1790 ns : File "/home/sebastian/Documentos/TP3_ARQUI/TP3.srcs/sources_1/new/TX.v" Line 124
Stopped at time : 1980 ns : File "/home/sebastian/Documentos/TP3_ARQUI/TP3.srcs/sources_1/new/TX.v" Line 131
Stopped at time : 1980 ns : File "/home/sebastian/Documentos/TP3_ARQUI/TP3.srcs/sources_1/new/TX.v" Line 132
Stopped at time : 1980 ns : File "/home/sebastian/Documentos/TP3_ARQUI/TP3.srcs/sources_1/new/TX.v" Line 134
Stopped at time : 2 us : File "/home/sebastian/Documentos/TP3_ARQUI/TP3.srcs/sim_1/new/Top_tb.v" Line 30
Stopped at time : 2 us : File "/home/sebastian/Documentos/TP3_ARQUI/TP3.srcs/sim_1/new/Top_tb.v" Line 29
Stopped at time : 2 us : File "/home/sebastian/Documentos/TP3_ARQUI/TP3.srcs/sources_1/new/Registros.v" Line 55
Stopped at time : 2010 ns : File "/home/sebastian/Documentos/TP3_ARQUI/TP3.srcs/sources_1/new/TX.v" Line 131
Stopped at time : 2010 ns : File "/home/sebastian/Documentos/TP3_ARQUI/TP3.srcs/sources_1/new/TX.v" Line 132
Stopped at time : 2010 ns : File "/home/sebastian/Documentos/TP3_ARQUI/TP3.srcs/sources_1/new/TX.v" Line 133
Stopped at time : 2010 ns : File "/home/sebastian/Documentos/TP3_ARQUI/TP3.srcs/sources_1/new/TX.v" Line 134
Stopped at time : 2010 ns : File "/home/sebastian/Documentos/TP3_ARQUI/TP3.srcs/sources_1/new/TX.v" Line 135
Stopped at time : 2010 ns : File "/home/sebastian/Documentos/TP3_ARQUI/TP3.srcs/sources_1/new/TX.v" Line 136
Stopped at time : 2010 ns : File "/home/sebastian/Documentos/TP3_ARQUI/TP3.srcs/sources_1/new/TX.v" Line 137
Stopped at time : 2010 ns : File "/home/sebastian/Documentos/TP3_ARQUI/TP3.srcs/sources_1/new/TX.v" Line 115
Stopped at time : 2010 ns : File "/home/sebastian/Documentos/TP3_ARQUI/TP3.srcs/sources_1/new/TX.v" Line 254
